<?xml version="1.0" encoding="UTF-8"?>
<!-- Generated by org.testng.reporters.JUnitXMLReporter -->
<testsuite ignored="0" hostname="Vamshi-Delli7" failures="0" tests="5" name="OpencartTest" time="65.63" errors="0" timestamp="2023-12-27T17:17:04 PST">
  <testcase classname="testCases.TC_003_LoginDDT" name="test_loginDDT" time="10.921"/>
  <testcase classname="testCases.TC_003_LoginDDT" name="test_loginDDT" time="10.702"/>
  <testcase classname="testCases.TC_003_LoginDDT" name="test_loginDDT" time="11.085"/>
  <testcase classname="testCases.TC_003_LoginDDT" name="test_loginDDT" time="10.724"/>
  <testcase classname="testCases.TC_003_LoginDDT" name="test_loginDDT" time="10.658"/>
</testsuite> <!-- OpencartTest -->
