<?xml version="1.0" encoding="UTF-8"?>
<testng-results ignored="0" total="5" passed="5" failed="0" skipped="0">
  <reporter-output>
  </reporter-output>
  <suite started-at="2023-12-27T17:15:58 PST" name="OpencartSuite" finished-at="2023-12-27T17:17:03 PST" duration-ms="65630">
    <groups>
    </groups>
    <test started-at="2023-12-27T17:15:58 PST" name="OpencartTest" finished-at="2023-12-27T17:17:03 PST" duration-ms="65630">
      <class name="testCases.TC_003_LoginDDT">
        <test-method is-config="true" signature="setup(java.lang.String)[pri:0, instance:testCases.TC_003_LoginDDT@1a6d8329]" started-at="2023-12-27T17:15:58 PST" name="setup" finished-at="2023-12-27T17:16:06 PST" duration-ms="8322" status="PASS">
          <params>
            <param index="0">
              <value>
                <![CDATA[chrome]]>
              </value>
            </param>
          </params>
          <reporter-output>
          </reporter-output>
        </test-method> <!-- setup -->
        <test-method signature="test_loginDDT(java.lang.String,java.lang.String,java.lang.String)[pri:0, instance:testCases.TC_003_LoginDDT@1a6d8329]" started-at="2023-12-27T17:16:08 PST" name="test_loginDDT" data-provider="LoginData" finished-at="2023-12-27T17:16:19 PST" duration-ms="10921" status="PASS">
          <params>
            <param index="0">
              <value>
                <![CDATA[pavanoltraining@gmail.com]]>
              </value>
            </param>
            <param index="1">
              <value>
                <![CDATA[test@123]]>
              </value>
            </param>
            <param index="2">
              <value>
                <![CDATA[Valid]]>
              </value>
            </param>
          </params>
          <reporter-output>
          </reporter-output>
        </test-method> <!-- test_loginDDT -->
        <test-method signature="test_loginDDT(java.lang.String,java.lang.String,java.lang.String)[pri:0, instance:testCases.TC_003_LoginDDT@1a6d8329]" started-at="2023-12-27T17:16:19 PST" name="test_loginDDT" data-provider="LoginData" finished-at="2023-12-27T17:16:30 PST" duration-ms="10702" status="PASS">
          <params>
            <param index="0">
              <value>
                <![CDATA[lakshmi@yahoo.com]]>
              </value>
            </param>
            <param index="1">
              <value>
                <![CDATA[Laxmi]]>
              </value>
            </param>
            <param index="2">
              <value>
                <![CDATA[Invalid]]>
              </value>
            </param>
          </params>
          <reporter-output>
          </reporter-output>
        </test-method> <!-- test_loginDDT -->
        <test-method signature="test_loginDDT(java.lang.String,java.lang.String,java.lang.String)[pri:0, instance:testCases.TC_003_LoginDDT@1a6d8329]" started-at="2023-12-27T17:16:30 PST" name="test_loginDDT" data-provider="LoginData" finished-at="2023-12-27T17:16:41 PST" duration-ms="11085" status="PASS">
          <params>
            <param index="0">
              <value>
                <![CDATA[laksh@yahoo.com]]>
              </value>
            </param>
            <param index="1">
              <value>
                <![CDATA[Lakshmi]]>
              </value>
            </param>
            <param index="2">
              <value>
                <![CDATA[Invalid]]>
              </value>
            </param>
          </params>
          <reporter-output>
          </reporter-output>
        </test-method> <!-- test_loginDDT -->
        <test-method signature="test_loginDDT(java.lang.String,java.lang.String,java.lang.String)[pri:0, instance:testCases.TC_003_LoginDDT@1a6d8329]" started-at="2023-12-27T17:16:41 PST" name="test_loginDDT" data-provider="LoginData" finished-at="2023-12-27T17:16:52 PST" duration-ms="10724" status="PASS">
          <params>
            <param index="0">
              <value>
                <![CDATA[laks@yahoo.com]]>
              </value>
            </param>
            <param index="1">
              <value>
                <![CDATA[xyz]]>
              </value>
            </param>
            <param index="2">
              <value>
                <![CDATA[Invalid]]>
              </value>
            </param>
          </params>
          <reporter-output>
          </reporter-output>
        </test-method> <!-- test_loginDDT -->
        <test-method signature="test_loginDDT(java.lang.String,java.lang.String,java.lang.String)[pri:0, instance:testCases.TC_003_LoginDDT@1a6d8329]" started-at="2023-12-27T17:16:52 PST" name="test_loginDDT" data-provider="LoginData" finished-at="2023-12-27T17:17:02 PST" duration-ms="10658" status="PASS">
          <params>
            <param index="0">
              <value>
                <![CDATA[abc123@gmail.com]]>
              </value>
            </param>
            <param index="1">
              <value>
                <![CDATA[test@123]]>
              </value>
            </param>
            <param index="2">
              <value>
                <![CDATA[Valid]]>
              </value>
            </param>
          </params>
          <reporter-output>
          </reporter-output>
        </test-method> <!-- test_loginDDT -->
        <test-method is-config="true" signature="tearDown()[pri:0, instance:testCases.TC_003_LoginDDT@1a6d8329]" started-at="2023-12-27T17:17:02 PST" name="tearDown" finished-at="2023-12-27T17:17:03 PST" duration-ms="813" status="PASS">
          <reporter-output>
          </reporter-output>
        </test-method> <!-- tearDown -->
      </class> <!-- testCases.TC_003_LoginDDT -->
    </test> <!-- OpencartTest -->
  </suite> <!-- OpencartSuite -->
</testng-results>
