<?xml version="1.0" encoding="UTF-8"?>
<!-- Generated by org.testng.reporters.JUnitXMLReporter -->
<testsuite ignored="1" hostname="Vamshi-Delli7" failures="0" tests="2" name="OpencartTest" time="27.397" errors="0" timestamp="2023-12-27T00:50:01 PST">
  <testcase classname="testCases.TC_001_AccountRegistrationTest" name="test_account_Registration" time="2.753"/>
  <testcase classname="testCases.TC_002_LoginTest" name="test_login" time="10.876"/>
  <testcase classname="testCases.TC_003_LoginDDT" name="test_loginDDT" time="0.0">
    <ignored/>
  </testcase> <!-- test_loginDDT -->
</testsuite> <!-- OpencartTest -->
